<?xml version="1.0" encoding="UTF-8"?>
<!-- Generated by org.testng.reporters.JUnitReportReporter -->
<testsuite hostname="DESKTOP-P3KF5V5" failures="0" tests="1" name="practices.TestNgXMLDataDriven" time="0.011" errors="0" timestamp="2022-03-19T14:13:17 IST" skipped="0">
  <testcase classname="practices.TestNgXMLDataDriven" name="fetchData" time="0.011"/>
  <system-out/>
</testsuite> <!-- practices.TestNgXMLDataDriven -->
