<?xml version="1.0" encoding="UTF-8"?>
<!-- Generated by org.testng.reporters.JUnitReportReporter -->
<testsuite hostname="DESKTOP-P3KF5V5" failures="0" tests="4" name="practices.GroupExecution_1" time="0.043" errors="0" timestamp="2022-05-21T11:40:44 IST" skipped="0">
  <testcase classname="practices.GroupExecution_1" name="createContact" time="0.028"/>
  <system-out/>
  <testcase classname="practices.GroupExecution_1" name="createOrganization" time="0.008"/>
  <system-out/>
  <testcase classname="practices.GroupExecution_1" name="createVendor" time="0.004"/>
  <system-out/>
  <testcase classname="practices.GroupExecution_1" name="createInvoice" time="0.003"/>
  <system-out/>
</testsuite> <!-- practices.GroupExecution_1 -->
